TN:
SF:C:\Users\thoaihuynh\Desktop\Fresher\TakeScreenshot_Node\server.js
FNF:0
FNH:0
DA:1,1
DA:2,1
DA:4,1
DA:5,1
DA:7,1
DA:8,0
DA:11,1
LF:7
LH:6
BRDA:4,0,0,1
BRDA:4,0,1,1
BRDA:4,0,2,1
BRDA:7,1,0,0
BRDA:7,1,1,1
BRF:5
BRH:4
end_of_record
TN:
SF:C:\Users\thoaihuynh\Desktop\Fresher\TakeScreenshot_Node\app\config\infomations.js
FNF:0
FNH:0
DA:1,1
LF:1
LH:1
BRF:0
BRH:0
end_of_record
TN:
SF:C:\Users\thoaihuynh\Desktop\Fresher\TakeScreenshot_Node\app\config\others.js
FNF:0
FNH:0
DA:1,1
LF:1
LH:1
BRF:0
BRH:0
end_of_record
TN:
SF:C:\Users\thoaihuynh\Desktop\Fresher\TakeScreenshot_Node\app\config\selectors.js
FNF:0
FNH:0
DA:1,1
LF:1
LH:1
BRF:0
BRH:0
end_of_record
TN:
SF:C:\Users\thoaihuynh\Desktop\Fresher\TakeScreenshot_Node\app\controllers\errorController.js
FN:1,(anonymous_0)
FNF:1
FNH:1
FNDA:1,(anonymous_0)
DA:1,1
DA:2,1
DA:3,1
LF:3
LH:3
BRF:0
BRH:0
end_of_record
TN:
SF:C:\Users\thoaihuynh\Desktop\Fresher\TakeScreenshot_Node\app\controllers\homeController.js
FN:9,(anonymous_0)
FN:25,(anonymous_1)
FN:55,(anonymous_2)
FN:67,(anonymous_3)
FN:77,(anonymous_4)
FN:91,(anonymous_5)
FNF:6
FNH:6
FNDA:6,(anonymous_0)
FNDA:2,(anonymous_1)
FNDA:1,(anonymous_2)
FNDA:1,(anonymous_3)
FNDA:2,(anonymous_4)
FNDA:1,(anonymous_5)
DA:1,1
DA:2,1
DA:3,1
DA:4,1
DA:5,1
DA:6,1
DA:8,1
DA:10,6
DA:11,6
DA:12,6
DA:13,6
DA:14,1
DA:19,5
DA:20,3
DA:22,2
DA:23,2
DA:24,2
DA:25,2
DA:26,2
DA:27,2
DA:28,2
DA:29,2
DA:30,1
DA:31,1
DA:39,2
DA:40,1
DA:43,1
DA:46,2
DA:56,1
DA:58,1
DA:59,1
DA:60,1
DA:61,1
DA:68,1
DA:69,1
DA:70,1
DA:71,1
DA:78,2
DA:79,2
DA:80,1
DA:83,1
DA:84,1
DA:85,1
DA:86,1
DA:88,2
DA:92,1
DA:93,1
DA:94,1
DA:95,1
DA:96,1
DA:100,1
LF:51
LH:51
BRDA:13,0,0,1
BRDA:13,0,1,5
BRDA:19,1,0,3
BRDA:19,1,1,2
BRDA:39,2,0,1
BRDA:39,2,1,1
BRDA:79,3,0,1
BRDA:79,3,1,1
BRF:8
BRH:8
end_of_record
TN:
SF:C:\Users\thoaihuynh\Desktop\Fresher\TakeScreenshot_Node\app\controllers\index.js
FNF:0
FNH:0
DA:1,1
DA:2,1
DA:4,1
LF:3
LH:3
BRF:0
BRH:0
end_of_record
TN:
SF:C:\Users\thoaihuynh\Desktop\Fresher\TakeScreenshot_Node\app\controllers\loadingController.js
FN:5,(anonymous_0)
FNF:1
FNH:1
FNDA:8,(anonymous_0)
DA:1,1
DA:2,1
DA:4,1
DA:6,8
DA:7,8
DA:8,4
DA:11,4
DA:12,1
DA:13,1
DA:14,1
DA:15,0
DA:16,0
DA:17,0
DA:20,1
DA:24,3
DA:30,1
LF:16
LH:13
BRDA:7,0,0,4
BRDA:7,0,1,4
BRDA:11,1,0,1
BRDA:11,1,1,3
BRDA:14,2,0,0
BRDA:14,2,1,1
BRDA:14,3,0,1
BRDA:14,3,1,1
BRF:8
BRH:7
end_of_record
TN:
SF:C:\Users\thoaihuynh\Desktop\Fresher\TakeScreenshot_Node\app\helper\array.js
FN:2,(anonymous_0)
FN:15,(anonymous_1)
FNF:2
FNH:2
FNDA:21,(anonymous_0)
FNDA:2,(anonymous_1)
DA:1,1
DA:3,21
DA:4,21
DA:5,21
DA:6,8
DA:7,5
DA:10,21
DA:11,20
DA:12,1
DA:16,2
DA:17,2
DA:18,7
DA:19,1
DA:21,1
LF:14
LH:14
BRDA:6,0,0,5
BRDA:6,0,1,3
BRDA:10,1,0,20
BRDA:10,1,1,1
BRDA:18,2,0,1
BRDA:18,2,1,6
BRF:6
BRH:6
end_of_record
TN:
SF:C:\Users\thoaihuynh\Desktop\Fresher\TakeScreenshot_Node\app\helper\automation.js
FN:15,automateLogin
FN:21,automateEventClick
FN:31,automatePage
FN:39,runAutomation
FN:49,(anonymous_4)
FN:51,(anonymous_5)
FN:80,(anonymous_6)
FN:90,saveFileToBase
FN:91,(anonymous_8)
FN:103,compareFile
FN:105,(anonymous_10)
FN:108,(anonymous_11)
FN:111,(anonymous_12)
FN:122,(anonymous_13)
FN:140,(anonymous_14)
FN:220,(anonymous_15)
FN:223,(anonymous_16)
FNF:17
FNH:14
FNDA:8,automateLogin
FNDA:20,automateEventClick
FNDA:50,automatePage
FNDA:4,runAutomation
FNDA:4,(anonymous_4)
FNDA:4,(anonymous_5)
FNDA:1,(anonymous_6)
FNDA:0,saveFileToBase
FNDA:0,(anonymous_8)
FNDA:2,compareFile
FNDA:2,(anonymous_10)
FNDA:2,(anonymous_11)
FNDA:2,(anonymous_12)
FNDA:19,(anonymous_13)
FNDA:0,(anonymous_14)
FNDA:3,(anonymous_15)
FNDA:1,(anonymous_16)
DA:1,1
DA:2,1
DA:4,1
DA:5,1
DA:6,1
DA:8,1
DA:9,1
DA:10,1
DA:11,1
DA:12,1
DA:13,1
DA:16,8
DA:17,8
DA:18,8
DA:22,20
DA:23,20
DA:24,20
DA:25,20
DA:32,50
DA:33,50
DA:34,48
DA:40,4
DA:41,4
DA:50,4
DA:52,4
DA:56,4
DA:57,4
DA:58,4
DA:59,4
DA:60,4
DA:61,4
DA:62,4
DA:63,4
DA:64,4
DA:65,4
DA:66,4
DA:67,4
DA:68,4
DA:69,4
DA:70,4
DA:71,4
DA:72,4
DA:73,4
DA:74,3
DA:75,2
DA:76,1
DA:78,1
DA:80,4
DA:81,1
DA:82,0
DA:83,1
DA:84,1
DA:91,0
DA:92,0
DA:93,0
DA:94,0
DA:96,0
DA:98,0
DA:104,2
DA:106,2
DA:109,2
DA:112,2
DA:114,2
DA:115,1
DA:118,1
DA:119,1
DA:120,19
DA:121,19
DA:124,19
DA:125,19
DA:126,19
DA:128,19
DA:129,19
DA:130,19
DA:131,19
DA:145,0
DA:214,1
DA:219,1
DA:221,3
DA:224,1
LF:80
LH:72
BRDA:81,0,0,0
BRDA:81,0,1,1
BRDA:83,1,0,1
BRDA:83,1,1,0
BRDA:93,2,0,0
BRDA:93,2,1,0
BRDA:114,3,0,1
BRDA:114,3,1,1
BRDA:128,4,0,19
BRDA:128,4,1,0
BRF:10
BRH:5
end_of_record
TN:
SF:C:\Users\thoaihuynh\Desktop\Fresher\TakeScreenshot_Node\app\helper\file.js
FN:5,createFile
FN:13,addBaseFile
FN:36,replaceBaseFile
FN:50,getArrayIndexImages
FN:69,removeFile
FNF:5
FNH:5
FNDA:11,createFile
FNDA:3,addBaseFile
FNDA:2,replaceBaseFile
FNDA:5,getArrayIndexImages
FNDA:1,removeFile
DA:1,1
DA:2,1
DA:3,1
DA:6,11
DA:7,9
DA:8,9
DA:10,2
DA:14,3
DA:16,3
DA:17,3
DA:18,3
DA:20,3
DA:21,3
DA:23,3
DA:24,1
DA:25,1
DA:29,2
DA:33,3
DA:37,2
DA:39,2
DA:40,2
DA:41,2
DA:42,2
DA:47,2
DA:51,5
DA:54,5
DA:55,5
DA:56,5
DA:57,44
DA:58,44
DA:59,33
DA:60,33
DA:61,3
DA:62,3
DA:66,5
DA:70,1
DA:71,1
DA:88,1
LF:38
LH:38
BRDA:6,0,0,9
BRDA:6,0,1,2
BRDA:23,1,0,1
BRDA:23,1,1,2
BRDA:60,2,0,3
BRDA:60,2,1,30
BRF:6
BRH:6
end_of_record
TN:
SF:C:\Users\thoaihuynh\Desktop\Fresher\TakeScreenshot_Node\app\helper\folder.js
FN:6,(anonymous_0)
FN:13,(anonymous_1)
FN:20,(anonymous_2)
FN:34,(anonymous_3)
FN:36,(anonymous_4)
FN:41,(anonymous_5)
FN:52,(anonymous_6)
FN:59,(anonymous_7)
FN:69,(anonymous_8)
FN:76,(anonymous_9)
FN:85,(anonymous_10)
FN:98,(anonymous_11)
FN:106,(anonymous_12)
FNF:13
FNH:12
FNDA:16,(anonymous_0)
FNDA:10,(anonymous_1)
FNDA:18,(anonymous_2)
FNDA:67,(anonymous_3)
FNDA:194,(anonymous_4)
FNDA:50,(anonymous_5)
FNDA:3,(anonymous_6)
FNDA:1,(anonymous_7)
FNDA:3,(anonymous_8)
FNDA:2,(anonymous_9)
FNDA:19,(anonymous_10)
FNDA:0,(anonymous_11)
FNDA:2,(anonymous_12)
DA:1,1
DA:2,1
DA:3,1
DA:5,1
DA:7,16
DA:8,12
DA:9,12
DA:11,4
DA:14,10
DA:15,10
DA:16,10
DA:17,6
DA:18,4
DA:21,18
DA:22,18
DA:23,18
DA:24,1
DA:26,17
DA:27,179
DA:28,179
DA:29,7
DA:31,10
DA:35,67
DA:36,67
DA:37,194
DA:39,67
DA:42,50
DA:43,50
DA:44,50
DA:45,26
DA:46,47
DA:48,26
DA:50,24
DA:53,3
DA:54,3
DA:55,3
DA:56,40
DA:60,1
DA:61,1
DA:62,1
DA:63,2
DA:64,1
DA:67,1
DA:70,3
DA:71,3
DA:72,3
DA:74,3
DA:77,2
DA:79,2
DA:80,2
DA:81,2
DA:83,2
DA:86,19
DA:87,19
DA:88,19
DA:90,19
DA:91,0
DA:99,0
DA:100,0
DA:101,0
DA:104,19
DA:107,2
DA:109,2
DA:110,4
DA:111,4
DA:112,4
LF:66
LH:62
BRDA:7,0,0,12
BRDA:7,0,1,4
BRDA:16,1,0,6
BRDA:16,1,1,4
BRDA:23,2,0,1
BRDA:23,2,1,17
BRDA:28,3,0,7
BRDA:28,3,1,172
BRDA:44,4,0,26
BRDA:44,4,1,24
BRDA:63,5,0,1
BRDA:63,5,1,1
BRDA:99,6,0,0
BRDA:99,6,1,0
BRF:14
BRH:12
end_of_record
TN:
SF:C:\Users\thoaihuynh\Desktop\Fresher\TakeScreenshot_Node\app\helper\string.js
FN:2,(anonymous_0)
FN:7,(anonymous_1)
FNF:2
FNH:2
FNDA:64,(anonymous_0)
FNDA:42,(anonymous_1)
DA:1,1
DA:3,64
DA:4,64
DA:5,64
DA:8,42
DA:9,42
DA:10,42
DA:11,42
LF:8
LH:8
BRF:0
BRH:0
end_of_record
TN:
SF:C:\Users\thoaihuynh\Desktop\Fresher\TakeScreenshot_Node\config\configview.js
FN:5,(anonymous_0)
FNF:1
FNH:1
FNDA:1,(anonymous_0)
DA:1,1
DA:2,1
DA:3,1
DA:5,1
DA:6,1
DA:15,1
DA:16,1
LF:7
LH:7
BRF:0
BRH:0
end_of_record
TN:
SF:C:\Users\thoaihuynh\Desktop\Fresher\TakeScreenshot_Node\config\index.js
FN:1,(anonymous_0)
FNF:1
FNH:1
FNDA:1,(anonymous_0)
DA:1,1
DA:2,1
DA:3,1
DA:4,1
LF:4
LH:4
BRF:0
BRH:0
end_of_record
TN:
SF:C:\Users\thoaihuynh\Desktop\Fresher\TakeScreenshot_Node\config\middleware.js
FN:6,(anonymous_0)
FNF:1
FNH:1
FNDA:1,(anonymous_0)
DA:1,1
DA:2,1
DA:3,1
DA:4,1
DA:5,1
DA:6,1
DA:7,1
DA:8,1
DA:11,1
DA:13,1
DA:15,1
LF:11
LH:11
BRF:0
BRH:0
end_of_record
TN:
SF:C:\Users\thoaihuynh\Desktop\Fresher\TakeScreenshot_Node\config\router.js
FN:8,(anonymous_0)
FNF:1
FNH:1
FNDA:1,(anonymous_0)
DA:1,1
DA:2,1
DA:4,1
DA:5,1
DA:6,1
DA:8,1
DA:9,1
DA:10,1
DA:11,1
DA:13,1
DA:14,1
DA:15,1
DA:16,1
DA:17,1
DA:18,1
DA:19,1
LF:16
LH:16
BRF:0
BRH:0
end_of_record
