TN:
SF:C:\Users\thoaihuynh\Desktop\New folder\screenshot-comparison\server.js
FNF:0
FNH:0
DA:1,1
DA:2,1
DA:4,1
DA:5,1
DA:6,1
DA:8,1
DA:9,0
DA:12,1
LF:8
LH:7
BRDA:4,0,0,1
BRDA:4,0,1,1
BRDA:4,0,2,1
BRDA:5,1,0,1
BRDA:5,1,1,0
BRDA:8,2,0,0
BRDA:8,2,1,1
BRF:7
BRH:5
end_of_record
TN:
SF:C:\Users\thoaihuynh\Desktop\New folder\screenshot-comparison\app\config\infomations.js
FNF:0
FNH:0
DA:1,1
LF:1
LH:1
BRF:0
BRH:0
end_of_record
TN:
SF:C:\Users\thoaihuynh\Desktop\New folder\screenshot-comparison\app\config\others.js
FNF:0
FNH:0
DA:1,1
LF:1
LH:1
BRF:0
BRH:0
end_of_record
TN:
SF:C:\Users\thoaihuynh\Desktop\New folder\screenshot-comparison\app\config\selectors.js
FNF:0
FNH:0
DA:1,1
LF:1
LH:1
BRF:0
BRH:0
end_of_record
TN:
SF:C:\Users\thoaihuynh\Desktop\New folder\screenshot-comparison\app\controllers\errorController.js
FN:1,(anonymous_0)
FNF:1
FNH:1
FNDA:1,(anonymous_0)
DA:1,1
DA:2,1
DA:3,1
LF:3
LH:3
BRF:0
BRH:0
end_of_record
TN:
SF:C:\Users\thoaihuynh\Desktop\New folder\screenshot-comparison\app\controllers\homeController.js
FN:9,(anonymous_0)
FN:25,(anonymous_1)
FN:54,(anonymous_2)
FN:66,(anonymous_3)
FN:76,(anonymous_4)
FN:90,(anonymous_5)
FNF:6
FNH:6
FNDA:7,(anonymous_0)
FNDA:3,(anonymous_1)
FNDA:1,(anonymous_2)
FNDA:1,(anonymous_3)
FNDA:2,(anonymous_4)
FNDA:1,(anonymous_5)
DA:1,1
DA:2,1
DA:3,1
DA:4,1
DA:5,1
DA:6,1
DA:8,1
DA:10,7
DA:11,7
DA:12,7
DA:13,7
DA:14,1
DA:19,6
DA:20,3
DA:22,3
DA:23,3
DA:24,3
DA:25,3
DA:26,3
DA:27,3
DA:28,3
DA:29,3
DA:30,1
DA:31,1
DA:38,3
DA:39,2
DA:42,1
DA:45,3
DA:55,1
DA:57,1
DA:58,1
DA:59,1
DA:60,1
DA:67,1
DA:68,1
DA:69,1
DA:70,1
DA:77,2
DA:78,2
DA:79,1
DA:82,1
DA:83,1
DA:84,1
DA:85,1
DA:87,2
DA:91,1
DA:92,1
DA:93,1
DA:94,1
DA:95,1
DA:99,1
LF:51
LH:51
BRDA:13,0,0,1
BRDA:13,0,1,6
BRDA:19,1,0,3
BRDA:19,1,1,3
BRDA:38,2,0,2
BRDA:38,2,1,1
BRDA:78,3,0,1
BRDA:78,3,1,1
BRF:8
BRH:8
end_of_record
TN:
SF:C:\Users\thoaihuynh\Desktop\New folder\screenshot-comparison\app\controllers\index.js
FNF:0
FNH:0
DA:1,1
DA:2,1
DA:4,1
LF:3
LH:3
BRF:0
BRH:0
end_of_record
TN:
SF:C:\Users\thoaihuynh\Desktop\New folder\screenshot-comparison\app\controllers\loadingController.js
FN:5,(anonymous_0)
FNF:1
FNH:1
FNDA:9,(anonymous_0)
DA:1,1
DA:2,1
DA:4,1
DA:6,9
DA:7,9
DA:8,4
DA:11,5
DA:12,1
DA:13,1
DA:14,1
DA:15,0
DA:16,0
DA:17,0
DA:20,1
DA:24,4
DA:30,1
LF:16
LH:13
BRDA:7,0,0,4
BRDA:7,0,1,5
BRDA:11,1,0,1
BRDA:11,1,1,4
BRDA:14,2,0,0
BRDA:14,2,1,1
BRDA:14,3,0,1
BRDA:14,3,1,1
BRF:8
BRH:7
end_of_record
TN:
SF:C:\Users\thoaihuynh\Desktop\New folder\screenshot-comparison\app\helper\array.js
FN:2,(anonymous_0)
FN:15,(anonymous_1)
FNF:2
FNH:2
FNDA:18,(anonymous_0)
FNDA:2,(anonymous_1)
DA:1,1
DA:3,18
DA:4,18
DA:5,18
DA:6,24
DA:7,5
DA:10,18
DA:11,1
DA:12,17
DA:16,2
DA:17,2
DA:18,7
DA:19,1
DA:21,1
LF:14
LH:14
BRDA:6,0,0,5
BRDA:6,0,1,19
BRDA:10,1,0,1
BRDA:10,1,1,17
BRDA:18,2,0,1
BRDA:18,2,1,6
BRF:6
BRH:6
end_of_record
TN:
SF:C:\Users\thoaihuynh\Desktop\New folder\screenshot-comparison\app\helper\automation.js
FN:15,automateLogin
FN:21,automateEventClick
FN:31,automatePage
FN:39,runAutomation
FN:49,(anonymous_4)
FN:51,(anonymous_5)
FN:77,(anonymous_6)
FN:87,saveFileToBase
FN:88,(anonymous_8)
FN:100,compareFile
FN:102,(anonymous_10)
FN:105,(anonymous_11)
FN:108,(anonymous_12)
FN:119,(anonymous_13)
FN:133,(anonymous_14)
FN:213,(anonymous_15)
FN:216,(anonymous_16)
FNF:17
FNH:16
FNDA:8,automateLogin
FNDA:4,automateEventClick
FNDA:60,automatePage
FNDA:4,runAutomation
FNDA:4,(anonymous_4)
FNDA:4,(anonymous_5)
FNDA:4,(anonymous_6)
FNDA:3,saveFileToBase
FNDA:48,(anonymous_8)
FNDA:2,compareFile
FNDA:2,(anonymous_10)
FNDA:2,(anonymous_11)
FNDA:2,(anonymous_12)
FNDA:16,(anonymous_13)
FNDA:0,(anonymous_14)
FNDA:3,(anonymous_15)
FNDA:1,(anonymous_16)
DA:1,1
DA:2,1
DA:4,1
DA:5,1
DA:6,1
DA:8,1
DA:9,1
DA:10,1
DA:11,1
DA:12,1
DA:13,1
DA:16,8
DA:17,8
DA:18,8
DA:22,4
DA:23,4
DA:24,4
DA:25,4
DA:32,60
DA:33,60
DA:34,60
DA:40,4
DA:41,4
DA:50,4
DA:52,4
DA:56,4
DA:57,4
DA:58,4
DA:59,4
DA:60,4
DA:61,4
DA:62,4
DA:63,4
DA:64,4
DA:65,4
DA:66,4
DA:67,4
DA:68,4
DA:69,4
DA:70,4
DA:71,4
DA:72,4
DA:73,4
DA:75,4
DA:77,4
DA:78,4
DA:79,3
DA:80,4
DA:81,1
DA:88,3
DA:89,48
DA:90,48
DA:91,16
DA:93,48
DA:95,48
DA:101,2
DA:103,2
DA:106,2
DA:109,2
DA:111,2
DA:112,1
DA:115,1
DA:116,1
DA:117,16
DA:118,16
DA:121,16
DA:122,16
DA:123,16
DA:125,16
DA:126,0
DA:127,0
DA:128,0
DA:138,16
DA:207,1
DA:212,1
DA:214,3
DA:217,1
LF:77
LH:74
BRDA:78,0,0,3
BRDA:78,0,1,1
BRDA:80,1,0,1
BRDA:80,1,1,3
BRDA:90,2,0,16
BRDA:90,2,1,32
BRDA:111,3,0,1
BRDA:111,3,1,1
BRDA:125,4,0,0
BRDA:125,4,1,16
BRF:10
BRH:9
end_of_record
TN:
SF:C:\Users\thoaihuynh\Desktop\New folder\screenshot-comparison\app\helper\file.js
FN:5,createFile
FN:13,addBaseFile
FN:37,replaceBaseFile
FN:51,getArrayIndexImages
FN:70,removeFile
FNF:5
FNH:5
FNDA:11,createFile
FNDA:3,addBaseFile
FNDA:2,replaceBaseFile
FNDA:6,getArrayIndexImages
FNDA:1,removeFile
DA:1,1
DA:2,1
DA:3,1
DA:6,11
DA:7,9
DA:8,9
DA:10,2
DA:14,3
DA:16,3
DA:17,3
DA:18,3
DA:19,3
DA:21,3
DA:22,3
DA:24,3
DA:25,1
DA:26,1
DA:30,2
DA:34,3
DA:39,2
DA:40,2
DA:41,2
DA:42,2
DA:43,2
DA:48,2
DA:52,6
DA:55,6
DA:56,6
DA:57,6
DA:58,54
DA:59,54
DA:60,30
DA:61,30
DA:62,3
DA:63,3
DA:67,6
DA:71,1
DA:72,1
DA:89,1
LF:39
LH:39
BRDA:6,0,0,9
BRDA:6,0,1,2
BRDA:24,1,0,1
BRDA:24,1,1,2
BRDA:61,2,0,3
BRDA:61,2,1,27
BRF:6
BRH:6
end_of_record
TN:
SF:C:\Users\thoaihuynh\Desktop\New folder\screenshot-comparison\app\helper\folder.js
FN:6,(anonymous_0)
FN:13,(anonymous_1)
FN:20,(anonymous_2)
FN:34,(anonymous_3)
FN:36,(anonymous_4)
FN:41,(anonymous_5)
FN:52,(anonymous_6)
FN:59,(anonymous_7)
FN:69,(anonymous_8)
FN:76,(anonymous_9)
FN:85,(anonymous_10)
FN:94,(anonymous_11)
FN:102,(anonymous_12)
FNF:13
FNH:13
FNDA:37,(anonymous_0)
FNDA:11,(anonymous_1)
FNDA:20,(anonymous_2)
FNDA:63,(anonymous_3)
FNDA:198,(anonymous_4)
FNDA:43,(anonymous_5)
FNDA:3,(anonymous_6)
FNDA:1,(anonymous_7)
FNDA:3,(anonymous_8)
FNDA:2,(anonymous_9)
FNDA:16,(anonymous_10)
FNDA:16,(anonymous_11)
FNDA:2,(anonymous_12)
DA:1,1
DA:2,1
DA:3,1
DA:5,1
DA:7,37
DA:8,29
DA:9,29
DA:11,8
DA:14,11
DA:15,11
DA:16,11
DA:17,6
DA:18,5
DA:21,20
DA:22,20
DA:23,20
DA:24,1
DA:26,19
DA:27,184
DA:28,184
DA:29,7
DA:31,12
DA:35,63
DA:36,63
DA:37,198
DA:39,63
DA:42,43
DA:43,43
DA:44,43
DA:45,22
DA:46,41
DA:48,22
DA:50,21
DA:53,3
DA:54,3
DA:55,3
DA:56,33
DA:60,1
DA:61,1
DA:62,1
DA:63,2
DA:64,1
DA:67,1
DA:70,3
DA:71,3
DA:72,3
DA:74,3
DA:77,2
DA:79,2
DA:80,2
DA:81,2
DA:83,2
DA:86,16
DA:87,16
DA:88,16
DA:90,16
DA:91,16
DA:95,16
DA:96,16
DA:97,0
DA:100,16
DA:103,2
DA:105,2
DA:106,4
DA:107,4
DA:108,4
LF:66
LH:65
BRDA:7,0,0,29
BRDA:7,0,1,8
BRDA:16,1,0,6
BRDA:16,1,1,5
BRDA:23,2,0,1
BRDA:23,2,1,19
BRDA:28,3,0,7
BRDA:28,3,1,177
BRDA:44,4,0,22
BRDA:44,4,1,21
BRDA:63,5,0,1
BRDA:63,5,1,1
BRDA:95,6,0,16
BRDA:95,6,1,0
BRF:14
BRH:13
end_of_record
TN:
SF:C:\Users\thoaihuynh\Desktop\New folder\screenshot-comparison\app\helper\string.js
FN:2,(anonymous_0)
FN:7,(anonymous_1)
FNF:2
FNH:2
FNDA:119,(anonymous_0)
FNDA:39,(anonymous_1)
DA:1,1
DA:3,119
DA:4,119
DA:5,119
DA:8,39
DA:9,39
DA:10,39
DA:11,39
LF:8
LH:8
BRF:0
BRH:0
end_of_record
TN:
SF:C:\Users\thoaihuynh\Desktop\New folder\screenshot-comparison\config\configview.js
FN:5,(anonymous_0)
FNF:1
FNH:1
FNDA:1,(anonymous_0)
DA:1,1
DA:2,1
DA:3,1
DA:5,1
DA:6,1
DA:15,1
DA:16,1
LF:7
LH:7
BRF:0
BRH:0
end_of_record
TN:
SF:C:\Users\thoaihuynh\Desktop\New folder\screenshot-comparison\config\index.js
FN:1,(anonymous_0)
FNF:1
FNH:1
FNDA:1,(anonymous_0)
DA:1,1
DA:2,1
DA:3,1
DA:4,1
LF:4
LH:4
BRF:0
BRH:0
end_of_record
TN:
SF:C:\Users\thoaihuynh\Desktop\New folder\screenshot-comparison\config\middleware.js
FN:6,(anonymous_0)
FNF:1
FNH:1
FNDA:1,(anonymous_0)
DA:1,1
DA:2,1
DA:3,1
DA:4,1
DA:5,1
DA:6,1
DA:7,1
DA:8,1
DA:11,1
DA:13,1
DA:15,1
LF:11
LH:11
BRF:0
BRH:0
end_of_record
TN:
SF:C:\Users\thoaihuynh\Desktop\New folder\screenshot-comparison\config\router.js
FN:8,(anonymous_0)
FNF:1
FNH:1
FNDA:1,(anonymous_0)
DA:1,1
DA:2,1
DA:4,1
DA:5,1
DA:6,1
DA:8,1
DA:9,1
DA:10,1
DA:11,1
DA:13,1
DA:14,1
DA:15,1
DA:16,1
DA:17,1
DA:18,1
DA:19,1
LF:16
LH:16
BRF:0
BRH:0
end_of_record
